# JRE version: Java(TM) SE Runtime Environment (8.0_201-b09) (build 1.8.0_201-b09)
# Java VM: Java HotSpot(TM) 64-Bit Server VM (25.201-b09 mixed mode windows-amd64 compressed oops)
Heap:
 PSYoungGen      total 302592K, used 63782K [0x00000000d5d00000, 0x00000000f1980000, 0x0000000100000000)
  eden space 276480K, 23% used [0x00000000d5d00000,0x00000000d9b49af0,0x00000000e6b00000)
  from space 26112K, 0% used [0x00000000e9180000,0x00000000e9180000,0x00000000eab00000)
  to   space 39424K, 0% used [0x00000000e6b00000,0x00000000e6b00000,0x00000000e9180000)
 ParOldGen       total 73216K, used 70685K [0x0000000081600000, 0x0000000085d80000, 0x00000000d5d00000)
  object space 73216K, 96% used [0x0000000081600000,0x0000000085b07668,0x0000000085d80000)
 Metaspace       used 31606K, capacity 32312K, committed 32512K, reserved 1081344K
  class space    used 3703K, capacity 3990K, committed 4096K, reserved 1048576K
GC Heap History (10 events):
Event: 4.643 GC heap after
Heap after GC invocations=8 (full 1):
 PSYoungGen      total 146432K, used 0K [0x00000000d5d00000, 0x00000000e7a00000, 0x0000000100000000)
  eden space 132608K, 0% used [0x00000000d5d00000,0x00000000d5d00000,0x00000000dde80000)
  from space 13824K, 0% used [0x00000000dde80000,0x00000000dde80000,0x00000000dec00000)
  to   space 13312K, 0% used [0x00000000e6d00000,0x00000000e6d00000,0x00000000e7a00000)
 ParOldGen       total 73216K, used 20000K [0x0000000081600000, 0x0000000085d80000, 0x00000000d5d00000)
  object space 73216K, 27% used [0x0000000081600000,0x00000000829880a0,0x0000000085d80000)
 Metaspace       used 20675K, capacity 21112K, committed 21296K, reserved 1069056K
  class space    used 2412K, capacity 2600K, committed 2688K, reserved 1048576K
}
Event: 7.369 GC heap before
{Heap before GC invocations=9 (full 1):
 PSYoungGen      total 146432K, used 132608K [0x00000000d5d00000, 0x00000000e7a00000, 0x0000000100000000)
  eden space 132608K, 100% used [0x00000000d5d00000,0x00000000dde80000,0x00000000dde80000)
  from space 13824K, 0% used [0x00000000dde80000,0x00000000dde80000,0x00000000dec00000)
  to   space 13312K, 0% used [0x00000000e6d00000,0x00000000e6d00000,0x00000000e7a00000)
 ParOldGen       total 73216K, used 20000K [0x0000000081600000, 0x0000000085d80000, 0x00000000d5d00000)
  object space 73216K, 27% used [0x0000000081600000,0x00000000829880a0,0x0000000085d80000)
 Metaspace       used 29372K, capacity 30102K, committed 30464K, reserved 1075200K
  class space    used 3436K, capacity 3722K, committed 3840K, reserved 1048576K
Event: 7.384 GC heap after
Heap after GC invocations=9 (full 1):
 PSYoungGen      total 224256K, used 12906K [0x00000000d5d00000, 0x00000000e7a00000, 0x0000000100000000)
  eden space 210944K, 0% used [0x00000000d5d00000,0x00000000d5d00000,0x00000000e2b00000)
  from space 13312K, 96% used [0x00000000e6d00000,0x00000000e799abb8,0x00000000e7a00000)
  to   space 14848K, 0% used [0x00000000e5d00000,0x00000000e5d00000,0x00000000e6b80000)
 ParOldGen       total 73216K, used 20008K [0x0000000081600000, 0x0000000085d80000, 0x00000000d5d00000)
  object space 73216K, 27% used [0x0000000081600000,0x000000008298a0a0,0x0000000085d80000)
 Metaspace       used 29372K, capacity 30102K, committed 30464K, reserved 1075200K
  class space    used 3436K, capacity 3722K, committed 3840K, reserved 1048576K
}
Event: 8.291 GC heap before
{Heap before GC invocations=10 (full 1):
 PSYoungGen      total 224256K, used 223850K [0x00000000d5d00000, 0x00000000e7a00000, 0x0000000100000000)
  eden space 210944K, 100% used [0x00000000d5d00000,0x00000000e2b00000,0x00000000e2b00000)
  from space 13312K, 96% used [0x00000000e6d00000,0x00000000e799abb8,0x00000000e7a00000)
  to   space 14848K, 0% used [0x00000000e5d00000,0x00000000e5d00000,0x00000000e6b80000)
 ParOldGen       total 73216K, used 20008K [0x0000000081600000, 0x0000000085d80000, 0x00000000d5d00000)
  object space 73216K, 27% used [0x0000000081600000,0x000000008298a0a0,0x0000000085d80000)
 Metaspace       used 29519K, capacity 30364K, committed 30720K, reserved 1077248K
  class space    used 3438K, capacity 3724K, committed 3840K, reserved 1048576K
Event: 8.325 GC heap after
Heap after GC invocations=10 (full 1):
 PSYoungGen      total 276992K, used 14840K [0x00000000d5d00000, 0x00000000eab00000, 0x0000000100000000)
  eden space 262144K, 0% used [0x00000000d5d00000,0x00000000d5d00000,0x00000000e5d00000)
  from space 14848K, 99% used [0x00000000e5d00000,0x00000000e6b7e288,0x00000000e6b80000)
  to   space 26112K, 0% used [0x00000000e9180000,0x00000000e9180000,0x00000000eab00000)
 ParOldGen       total 73216K, used 43935K [0x0000000081600000, 0x0000000085d80000, 0x00000000d5d00000)
  object space 73216K, 60% used [0x0000000081600000,0x00000000840e7fc8,0x0000000085d80000)
 Metaspace       used 29519K, capacity 30364K, committed 30720K, reserved 1077248K
  class space    used 3438K, capacity 3724K, committed 3840K, reserved 1048576K
}
Event: 9.141 GC heap before
{Heap before GC invocations=11 (full 1):
 PSYoungGen      total 276992K, used 276984K [0x00000000d5d00000, 0x00000000eab00000, 0x0000000100000000)
  eden space 262144K, 100% used [0x00000000d5d00000,0x00000000e5d00000,0x00000000e5d00000)
  from space 14848K, 99% used [0x00000000e5d00000,0x00000000e6b7e288,0x00000000e6b80000)
  to   space 26112K, 0% used [0x00000000e9180000,0x00000000e9180000,0x00000000eab00000)
 ParOldGen       total 73216K, used 43935K [0x0000000081600000, 0x0000000085d80000, 0x00000000d5d00000)
  object space 73216K, 60% used [0x0000000081600000,0x00000000840e7fc8,0x0000000085d80000)
 Metaspace       used 29549K, capacity 30366K, committed 30720K, reserved 1077248K
  class space    used 3443K, capacity 3726K, committed 3840K, reserved 1048576K
Event: 9.223 GC heap after
Heap after GC invocations=11 (full 1):
 PSYoungGen      total 302592K, used 26094K [0x00000000d5d00000, 0x00000000f1980000, 0x0000000100000000)
  eden space 276480K, 0% used [0x00000000d5d00000,0x00000000d5d00000,0x00000000e6b00000)
  from space 26112K, 99% used [0x00000000e9180000,0x00000000eaafb840,0x00000000eab00000)
  to   space 39424K, 0% used [0x00000000e6b00000,0x00000000e6b00000,0x00000000e9180000)
 ParOldGen       total 73216K, used 70386K [0x0000000081600000, 0x0000000085d80000, 0x00000000d5d00000)
  object space 73216K, 96% used [0x0000000081600000,0x0000000085abc9b0,0x0000000085d80000)
 Metaspace       used 29549K, capacity 30366K, committed 30720K, reserved 1077248K
  class space    used 3443K, capacity 3726K, committed 3840K, reserved 1048576K
}
Event: 9.223 GC heap before
{Heap before GC invocations=12 (full 2):
 PSYoungGen      total 302592K, used 26094K [0x00000000d5d00000, 0x00000000f1980000, 0x0000000100000000)
  eden space 276480K, 0% used [0x00000000d5d00000,0x00000000d5d00000,0x00000000e6b00000)
  from space 26112K, 99% used [0x00000000e9180000,0x00000000eaafb840,0x00000000eab00000)
  to   space 39424K, 0% used [0x00000000e6b00000,0x00000000e6b00000,0x00000000e9180000)
 ParOldGen       total 73216K, used 70386K [0x0000000081600000, 0x0000000085d80000, 0x00000000d5d00000)
  object space 73216K, 96% used [0x0000000081600000,0x0000000085abc9b0,0x0000000085d80000)
 Metaspace       used 29549K, capacity 30366K, committed 30720K, reserved 1077248K
  class space    used 3443K, capacity 3726K, committed 3840K, reserved 1048576K
Event: 9.555 GC heap after
Heap after GC invocations=12 (full 2):
 PSYoungGen      total 302592K, used 0K [0x00000000d5d00000, 0x00000000f1980000, 0x0000000100000000)
  eden space 276480K, 0% used [0x00000000d5d00000,0x00000000d5d00000,0x00000000e6b00000)
  from space 26112K, 0% used [0x00000000e9180000,0x00000000e9180000,0x00000000eab00000)
  to   space 39424K, 0% used [0x00000000e6b00000,0x00000000e6b00000,0x00000000e9180000)
 ParOldGen       total 73216K, used 70685K [0x0000000081600000, 0x0000000085d80000, 0x00000000d5d00000)
  object space 73216K, 96% used [0x0000000081600000,0x0000000085b07668,0x0000000085d80000)
 Metaspace       used 29547K, capacity 30360K, committed 30720K, reserved 1077248K
  class space    used 3442K, capacity 3724K, committed 3840K, reserved 1048576K
}
Event: 9.900 GC heap before
{Heap before GC invocations=13 (full 3):
 PSYoungGen      total 302592K, used 63782K [0x00000000d5d00000, 0x00000000f1980000, 0x0000000100000000)
  eden space 276480K, 23% used [0x00000000d5d00000,0x00000000d9b49af0,0x00000000e6b00000)
  from space 26112K, 0% used [0x00000000e9180000,0x00000000e9180000,0x00000000eab00000)
  to   space 39424K, 0% used [0x00000000e6b00000,0x00000000e6b00000,0x00000000e9180000)
 ParOldGen       total 73216K, used 70685K [0x0000000081600000, 0x0000000085d80000, 0x00000000d5d00000)
  object space 73216K, 96% used [0x0000000081600000,0x0000000085b07668,0x0000000085d80000)
 Metaspace       used 31606K, capacity 32312K, committed 32512K, reserved 1081344K
  class space    used 3703K, capacity 3990K, committed 4096K, reserved 1048576K

